# JRE version: Java(TM) SE Runtime Environment 18.9 (11.0.17+10) (build 11.0.17+10-LTS-269)
# Java VM: Java HotSpot(TM) 64-Bit Server VM 18.9 (11.0.17+10-LTS-269, mixed mode, tiered, compressed oops, g1 gc, windows-amd64)
Heap:
 garbage-first heap   total 196608K, used 86267K [0x0000000080000000, 0x0000000100000000)
  region size 1024K, 18 young (18432K), 11 survivors (11264K)
 Metaspace       used 82283K, capacity 84863K, committed 85120K, reserved 589824K
  class space    used 10705K, capacity 11725K, committed 11776K, reserved 516096K
GC Heap History (10 events):
Event: 82.713 GC heap before
{Heap before GC invocations=9 (full 0):
 garbage-first heap   total 196608K, used 49930K [0x0000000080000000, 0x0000000100000000)
  region size 1024K, 18 young (18432K), 12 survivors (12288K)
 Metaspace       used 58451K, capacity 60144K, committed 60288K, reserved 569344K
  class space    used 7666K, capacity 8379K, committed 8448K, reserved 516096K
}
Event: 82.724 GC heap after
{Heap after GC invocations=10 (full 0):
 garbage-first heap   total 196608K, used 45009K [0x0000000080000000, 0x0000000100000000)
  region size 1024K, 7 young (7168K), 7 survivors (7168K)
 Metaspace       used 58451K, capacity 60144K, committed 60288K, reserved 569344K
  class space    used 7666K, capacity 8379K, committed 8448K, reserved 516096K
}
Event: 84.306 GC heap before
{Heap before GC invocations=11 (full 0):
 garbage-first heap   total 196608K, used 143313K [0x0000000080000000, 0x0000000100000000)
  region size 1024K, 104 young (106496K), 7 survivors (7168K)
 Metaspace       used 64469K, capacity 66399K, committed 66560K, reserved 573440K
  class space    used 8446K, capacity 9244K, committed 9344K, reserved 516096K
}
Event: 84.316 GC heap after
{Heap after GC invocations=12 (full 0):
 garbage-first heap   total 196608K, used 49477K [0x0000000080000000, 0x0000000100000000)
  region size 1024K, 12 young (12288K), 12 survivors (12288K)
 Metaspace       used 64469K, capacity 66399K, committed 66560K, reserved 573440K
  class space    used 8446K, capacity 9244K, committed 9344K, reserved 516096K
}
Event: 86.221 GC heap before
{Heap before GC invocations=12 (full 0):
 garbage-first heap   total 196608K, used 151877K [0x0000000080000000, 0x0000000100000000)
  region size 1024K, 108 young (110592K), 12 survivors (12288K)
 Metaspace       used 69759K, capacity 72066K, committed 72192K, reserved 579584K
  class space    used 9165K, capacity 10092K, committed 10112K, reserved 516096K
}
Event: 86.237 GC heap after
{Heap after GC invocations=13 (full 0):
 garbage-first heap   total 196608K, used 66556K [0x0000000080000000, 0x0000000100000000)
  region size 1024K, 14 young (14336K), 14 survivors (14336K)
 Metaspace       used 69759K, capacity 72066K, committed 72192K, reserved 579584K
  class space    used 9165K, capacity 10092K, committed 10112K, reserved 516096K
}
Event: 87.664 GC heap before
{Heap before GC invocations=13 (full 0):
 garbage-first heap   total 196608K, used 149500K [0x0000000080000000, 0x0000000100000000)
  region size 1024K, 96 young (98304K), 14 survivors (14336K)
 Metaspace       used 80092K, capacity 82522K, committed 82688K, reserved 587776K
  class space    used 10373K, capacity 11355K, committed 11392K, reserved 516096K
}
Event: 87.683 GC heap after
{Heap after GC invocations=14 (full 0):
 garbage-first heap   total 196608K, used 73592K [0x0000000080000000, 0x0000000100000000)
  region size 1024K, 7 young (7168K), 7 survivors (7168K)
 Metaspace       used 80092K, capacity 82522K, committed 82688K, reserved 587776K
  class space    used 10373K, capacity 11355K, committed 11392K, reserved 516096K
}
Event: 88.640 GC heap before
{Heap before GC invocations=14 (full 0):
 garbage-first heap   total 196608K, used 153464K [0x0000000080000000, 0x0000000100000000)
  region size 1024K, 84 young (86016K), 7 survivors (7168K)
 Metaspace       used 82194K, capacity 84714K, committed 84864K, reserved 589824K
  class space    used 10693K, capacity 11719K, committed 11776K, reserved 516096K
}
Event: 88.652 GC heap after
{Heap after GC invocations=15 (full 0):
 garbage-first heap   total 196608K, used 80123K [0x0000000080000000, 0x0000000100000000)
  region size 1024K, 11 young (11264K), 11 survivors (11264K)
 Metaspace       used 82194K, capacity 84714K, committed 84864K, reserved 589824K
  class space    used 10693K, capacity 11719K, committed 11776K, reserved 516096K
}

